<?xml version="1.0" encoding="UTF-8"?>
<testsuite xmlns:xsi="http://www.w3.org/2001/XMLSchema-instance" xsi:noNamespaceSchemaLocation="https://maven.apache.org/surefire/maven-surefire-plugin/xsd/surefire-test-report.xsd" name="es.codeurjc.mca.practica_1_cloud_ordinaria_2021.rest.EventControllerRestTest" time="2.18" tests="1" errors="0" skipped="0" failures="0">
  <properties>
[...]
</properties>
  <testcase name="createEventTest" classname="es.codeurjc.mca.practica_1_cloud_ordinaria_2021.rest.EventControllerRestTest" time="2.087"/>
</testsuite>